1598781195468	geckodriver	INFO	Listening on 127.0.0.1:51435
1598781198541	mozrunner::runner	INFO	Running command: "C:\\Program Files\\Mozilla Firefox\\firefox.exe" "--marionette" "-foreground" "-no-remote" "-profile" "C:\\Users\\Asen\\AppData\\Local\\Temp\\rust_mozprofileJxazVH"
JavaScript error: resource://gre/modules/XULStore.jsm, line 66: Error: Can't find profile directory.
console.error: SearchCache: "_readCacheFile: Error reading cache file:" (new Error("", "(unknown module)"))
1598781201957	Marionette	INFO	Listening on port 51445
1598781202159	Marionette	WARN	TLS certificate errors will be ignored for this session
JavaScript error: https://www.bet365.com/?forcelp=1&affiliate=365_849124, line 8: TypeError: document.body is null
JavaScript error: https://i.futbol24.com/f24/js/kscms.min.js?_=1809252301, line 78: TypeError: t is undefined
JavaScript error: https://i.futbol24.com/f24/js/kscms.min.js?_=1809252301, line 78: TypeError: t is undefined
JavaScript warning: https://www.whoscored.com/_Incapsula_Resource?SWJIYLWA=719d34d31c8e3a6e6fffd425f7e032f3&ns=1&cb=947874464, line 1: unreachable code after return statement
JavaScript warning: https://www.whoscored.com/_Incapsula_Resource?SWJIYLWA=719d34d31c8e3a6e6fffd425f7e032f3&ns=1&cb=947874464, line 1: unreachable code after return statement
JavaScript warning: https://www.whoscored.com/_Incapsula_Resource?SWJIYLWA=719d34d31c8e3a6e6fffd425f7e032f3&ns=1&cb=947874464, line 1: unreachable code after return statement
JavaScript warning: https://www.whoscored.com/_Incapsula_Resource?SWJIYLWA=719d34d31c8e3a6e6fffd425f7e032f3&ns=1&cb=947874464 line 1 > eval, line 1: unreachable code after return statement
JavaScript warning: https://www.whoscored.com/_Incapsula_Resource?SWJIYLWA=719d34d31c8e3a6e6fffd425f7e032f3&ns=1&cb=947874464 line 1 > eval, line 1: unreachable code after return statement
JavaScript warning: https://www.whoscored.com/_Incapsula_Resource?SWJIYLWA=719d34d31c8e3a6e6fffd425f7e032f3&ns=4&cb=673078863, line 1: unreachable code after return statement
JavaScript warning: https://www.whoscored.com/_Incapsula_Resource?SWJIYLWA=719d34d31c8e3a6e6fffd425f7e032f3&ns=4&cb=673078863, line 1: unreachable code after return statement
JavaScript warning: https://www.whoscored.com/_Incapsula_Resource?SWJIYLWA=719d34d31c8e3a6e6fffd425f7e032f3&ns=4&cb=673078863, line 1: unreachable code after return statement
JavaScript warning: https://www.whoscored.com/_Incapsula_Resource?SWJIYLWA=719d34d31c8e3a6e6fffd425f7e032f3&ns=4&cb=673078863 line 1 > eval, line 1: unreachable code after return statement
JavaScript warning: https://www.whoscored.com/_Incapsula_Resource?SWJIYLWA=719d34d31c8e3a6e6fffd425f7e032f3&ns=4&cb=673078863 line 1 > eval, line 1: unreachable code after return statement
JavaScript error: https://d2zywfiolv4f83.cloudfront.net/js/vendor/require.2.1.9.min.js?v=1598452166, line 8: Error: Mismatched anonymous define() module: function(){"use strict";function a(e){return"function"==typeof e}function t(){var e=setTimeout;return function(){return e(o,1)}}function o(){for(var e=0;e<y;e+=2){(0,T[e])(T[e+1]),T[e]=void 0,T[e+1]=void 0}y=0}function d(e,t){var o=this,i=new this.constructor(m);void 0===i[C]&&b(i);var n=o._state;if(n){var s=arguments[n-1];E(function(){return f(n,i,s,o._result)})}else r(o,i,e,t);return i}function l(e){if(e&&"object"==typeof e&&e.constructor===this)return e;var t=new this(m);return p(t,e),t}function m(){}function s(e,i,n){E(function(t){var o=!1,e=function(e,t,o,i){try{e.call(t,o,i)}catch(e){return e}}(n,i,function(e){o||(o=!0,(i!==e?p:g)(t,e))},function(e){o||(o=!0,h(t,e))},t._label);!o&&e&&(o=!0,h(t,e))},e)}function u(e,t,o){var i,n;t.constructor===e.constructor&&o===d&&t.constructor.resolve===l?(i=e,(n=t)._state===P?g(i,n._result):n._state===R?h(i,n._result):r(n,void 0,function(e){return p(i,e)},function(e){return h(i,e)})):void 0!==o&&a(o)?s(e,t,o):g(e,t)}function p(t,e){if(t===e)h(t,new TypeError("You cannot resolve a promise with itself"));else if(n=typeof(i=e),null===i||"object"!=n&&"function"!=n)g(t,e);else{var o=void 0;try{o=e.then}catch(e){return void h(t,e)}u(t,e,o)}var i,n}function i(e){e._onerror&&e._onerror(e._result),c(e)}function g(e,t){e._state===M&&(e._result=t,e._state=P,0!==e._subscribers.length&&E(c,e))}function h(e,t){e._state===M&&(e._state=R,e._result=t,E(i,e))}function r(e,t,o,i){var n=e._subscribers,s=n.length;e._onerror=null,n[s]=t,n[s+P]=o,n[s+R]=i,0===s&&e._state&&E(c,e)}function c(e){var t=e._subscribers,o=e._state;if(0!==t.length){for(var i=void 0,n=void 0,s=e._result,r=0;r<t.length;r+=3)i=t[r],n=t[r+o],i?f(o,i,n,s):n(s);e._subscribers.length=0}}function f(e,t,o,i){var n=a(o),s=void 0,r=void 0,c=!0;if(n){try{s=o(i)}catch(e){c=!1,r=e}if(t===s)return void h(t,new TypeError("A promises callback cannot return that same promise."))}else s=i;t._state!==M||(n&&c?p(t,s):!1===c?h(t,r):e===P?g(t,s):e===R&&h(t,s))}function b(e){e[C]=B++,e._state=void 0,e._result=void 0,e._subscribers=[]}var e,n,_,v,w=Array.isArray?Array.isArray:function(e){return"[object Array]"===Object.prototype.toString.call(e)},y=0,z=void 0,I=void 0,E=function(e,t){T[y]=e,T[y+1]=t,2===(y+=2)&&(I?I(o):U())},x="undefined"!=typeof window?window:void 0,O=x||{},S=O.MutationObserver||O.WebKitMutationObserver,k="undefined"==typeof self&&"undefined"!=typeof process&&"[object process]"==={}.toString.call(process),A="undefined"!=typeof Uint8ClampedArray&&"undefined"!=typeof importScripts&&"undefined"!=typeof MessageChannel,T=new Array(1e3),U=void 0;U=k?function(){return process.nextTick(o)}:S?(n=0,_=new S(o),v=document.createTextNode(""),_.observe(v,{characterData:!0}),function(){v.data=n=++n%2}):A?((e=new MessageChannel).port1.onmessage=o,function(){return e.port2.postMessage(0)}):(void 0===x&&"function"==typeof require?function(){try{var e=Function("return this")().require("vertx");return void 0!==(z=e.runOnLoop||e.runOnContext)?function(){z(o)}:t()}catch(e){return t()}}:t)();var C=Math.random().toString(36).substring(2),M=void 0,P=1,R=2,B=0,L=(H.prototype._enumerate=function(e){for(var t=0;this._state===M&&t<e.length;t++)this._eachEntry(e[t],t)},H.prototype._eachEntry=function(t,e){var o=this._instanceConstructor,i=o.resolve;if(i===l){var n=void 0,s=void 0,r=!1;try{n=t.then}catch(e){r=!0,s=e}if(n===d&&t._state!==M)this._settledAt(t._state,e,t._result);else if("function"!=typeof n)this._remaining--,this._result[e]=t;else if(o===j){var c=new o(m);r?h(c,s):u(c,t,n),this._willSettleAt(c,e)}else this._willSettleAt(new o(function(e){return e(t)}),e)}else this._willSettleAt(i(t),e)},H.prototype._settledAt=function(e,t,o){var i=this.promise;i._state===M&&(this._remaining--,e===R?h(i,o):this._result[t]=o),0===this._remaining&&g(i,this._result)},H.prototype._willSettleAt=function(e,t){var o=this;r(e,void 0,function(e){return o._settledAt(P,t,e)},function(e){return o._settledAt(R,t,e)})},H),j=(F.prototype.catch=function(e){return this.then(null,e)},F.prototype.finally=function(t){var o=this.constructor;return a(t)?this.then(function(e){return o.resolve(t()).then(function(){return e})},function(e){return o.resolve(t()).then(function(){throw e})}):this.then(t,t)},F);function F(e){this[C]=B++,this._result=this._state=void 0,this._subscribers=[],m!==e&&("function"!=typeof e&&function(){throw new TypeError("You must pass a resolver function as the first argument to the promise constructor")}(),this instanceof F?function(t,e){try{e(function(e){p(t,e)},function(e){h(t,e)})}catch(e){h(t,e)}}(this,e):function(){throw new TypeError("Failed to construct 'Promise': Please use the 'new' operator, this object constructor cannot be called as a function.")}())}function H(e,t){this._instanceConstructor=e,this.promise=new e(m),this.promise[C]||b(this.promise),w(t)?(this.length=t.length,this._remaining=t.length,this._result=new Array(this.length),0===this.length?g(this.promise,this._result):(this.length=this.length||0,this._enumerate(t),0===this._remaining&&g(this.promise,this._result))):h(this.promise,new Error("Array Methods must be provided an Array"))}return j.prototype.then=d,j.all=function(e){return new L(this,e).promise},j.race=function(n){var s=this;return new s(w(n)?function(e,t){for(var o=n.length,i=0;i<o;i++)s.resolve(n[i]).then(e,t)}:function(e,t){return t(new TypeError("You must pass an array to race."))})},j.resolve=l,j.reject=function(e){var t=new this(m);return h(t,e),t},j._setScheduler=function(e){I=e},j._setAsap=function(e){E=e},j._asap=E,j.polyfill=function(){var e=void 0;if("undefined"!=typeof global)e=global;else if("undefined"!=typeof self)e=self;else try{e=Function("return this")()}catch(e){throw new Error("polyfill failed because global object is unavailable in this environment")}var t=e.Promise;if(t){var o=null;try{o=Object.prototype.toString.call(t.resolve())}catch(e){}if("[object Promise]"===o&&!t.cast)return}e.Promise=j},(j.Promise=j).polyfill(),j}
http://requirejs.org/docs/errors.html#mismatch
JavaScript warning: https://d2zywfiolv4f83.cloudfront.net/js/ws-js-stats.js?v=1598452166, line 152: unreachable code after return statement
JavaScript error: https://d2zywfiolv4f83.cloudfront.net/js/vendor/require.2.1.9.min.js?v=1598452166, line 8: Error: Mismatched anonymous define() module: function(){"use strict";function a(e){return"function"==typeof e}function t(){var e=setTimeout;return function(){return e(o,1)}}function o(){for(var e=0;e<y;e+=2){(0,T[e])(T[e+1]),T[e]=void 0,T[e+1]=void 0}y=0}function d(e,t){var o=this,i=new this.constructor(m);void 0===i[C]&&b(i);var n=o._state;if(n){var s=arguments[n-1];E(function(){return f(n,i,s,o._result)})}else r(o,i,e,t);return i}function l(e){if(e&&"object"==typeof e&&e.constructor===this)return e;var t=new this(m);return p(t,e),t}function m(){}function s(e,i,n){E(function(t){var o=!1,e=function(e,t,o,i){try{e.call(t,o,i)}catch(e){return e}}(n,i,function(e){o||(o=!0,(i!==e?p:g)(t,e))},function(e){o||(o=!0,h(t,e))},t._label);!o&&e&&(o=!0,h(t,e))},e)}function u(e,t,o){var i,n;t.constructor===e.constructor&&o===d&&t.constructor.resolve===l?(i=e,(n=t)._state===P?g(i,n._result):n._state===R?h(i,n._result):r(n,void 0,function(e){return p(i,e)},function(e){return h(i,e)})):void 0!==o&&a(o)?s(e,t,o):g(e,t)}function p(t,e){if(t===e)h(t,new TypeError("You cannot resolve a promise with itself"));else if(n=typeof(i=e),null===i||"object"!=n&&"function"!=n)g(t,e);else{var o=void 0;try{o=e.then}catch(e){return void h(t,e)}u(t,e,o)}var i,n}function i(e){e._onerror&&e._onerror(e._result),c(e)}function g(e,t){e._state===M&&(e._result=t,e._state=P,0!==e._subscribers.length&&E(c,e))}function h(e,t){e._state===M&&(e._state=R,e._result=t,E(i,e))}function r(e,t,o,i){var n=e._subscribers,s=n.length;e._onerror=null,n[s]=t,n[s+P]=o,n[s+R]=i,0===s&&e._state&&E(c,e)}function c(e){var t=e._subscribers,o=e._state;if(0!==t.length){for(var i=void 0,n=void 0,s=e._result,r=0;r<t.length;r+=3)i=t[r],n=t[r+o],i?f(o,i,n,s):n(s);e._subscribers.length=0}}function f(e,t,o,i){var n=a(o),s=void 0,r=void 0,c=!0;if(n){try{s=o(i)}catch(e){c=!1,r=e}if(t===s)return void h(t,new TypeError("A promises callback cannot return that same promise."))}else s=i;t._state!==M||(n&&c?p(t,s):!1===c?h(t,r):e===P?g(t,s):e===R&&h(t,s))}function b(e){e[C]=B++,e._state=void 0,e._result=void 0,e._subscribers=[]}var e,n,_,v,w=Array.isArray?Array.isArray:function(e){return"[object Array]"===Object.prototype.toString.call(e)},y=0,z=void 0,I=void 0,E=function(e,t){T[y]=e,T[y+1]=t,2===(y+=2)&&(I?I(o):U())},x="undefined"!=typeof window?window:void 0,O=x||{},S=O.MutationObserver||O.WebKitMutationObserver,k="undefined"==typeof self&&"undefined"!=typeof process&&"[object process]"==={}.toString.call(process),A="undefined"!=typeof Uint8ClampedArray&&"undefined"!=typeof importScripts&&"undefined"!=typeof MessageChannel,T=new Array(1e3),U=void 0;U=k?function(){return process.nextTick(o)}:S?(n=0,_=new S(o),v=document.createTextNode(""),_.observe(v,{characterData:!0}),function(){v.data=n=++n%2}):A?((e=new MessageChannel).port1.onmessage=o,function(){return e.port2.postMessage(0)}):(void 0===x&&"function"==typeof require?function(){try{var e=Function("return this")().require("vertx");return void 0!==(z=e.runOnLoop||e.runOnContext)?function(){z(o)}:t()}catch(e){return t()}}:t)();var C=Math.random().toString(36).substring(2),M=void 0,P=1,R=2,B=0,L=(H.prototype._enumerate=function(e){for(var t=0;this._state===M&&t<e.length;t++)this._eachEntry(e[t],t)},H.prototype._eachEntry=function(t,e){var o=this._instanceConstructor,i=o.resolve;if(i===l){var n=void 0,s=void 0,r=!1;try{n=t.then}catch(e){r=!0,s=e}if(n===d&&t._state!==M)this._settledAt(t._state,e,t._result);else if("function"!=typeof n)this._remaining--,this._result[e]=t;else if(o===j){var c=new o(m);r?h(c,s):u(c,t,n),this._willSettleAt(c,e)}else this._willSettleAt(new o(function(e){return e(t)}),e)}else this._willSettleAt(i(t),e)},H.prototype._settledAt=function(e,t,o){var i=this.promise;i._state===M&&(this._remaining--,e===R?h(i,o):this._result[t]=o),0===this._remaining&&g(i,this._result)},H.prototype._willSettleAt=function(e,t){var o=this;r(e,void 0,function(e){return o._settledAt(P,t,e)},function(e){return o._settledAt(R,t,e)})},H),j=(F.prototype.catch=function(e){return this.then(null,e)},F.prototype.finally=function(t){var o=this.constructor;return a(t)?this.then(function(e){return o.resolve(t()).then(function(){return e})},function(e){return o.resolve(t()).then(function(){throw e})}):this.then(t,t)},F);function F(e){this[C]=B++,this._result=this._state=void 0,this._subscribers=[],m!==e&&("function"!=typeof e&&function(){throw new TypeError("You must pass a resolver function as the first argument to the promise constructor")}(),this instanceof F?function(t,e){try{e(function(e){p(t,e)},function(e){h(t,e)})}catch(e){h(t,e)}}(this,e):function(){throw new TypeError("Failed to construct 'Promise': Please use the 'new' operator, this object constructor cannot be called as a function.")}())}function H(e,t){this._instanceConstructor=e,this.promise=new e(m),this.promise[C]||b(this.promise),w(t)?(this.length=t.length,this._remaining=t.length,this._result=new Array(this.length),0===this.length?g(this.promise,this._result):(this.length=this.length||0,this._enumerate(t),0===this._remaining&&g(this.promise,this._result))):h(this.promise,new Error("Array Methods must be provided an Array"))}return j.prototype.then=d,j.all=function(e){return new L(this,e).promise},j.race=function(n){var s=this;return new s(w(n)?function(e,t){for(var o=n.length,i=0;i<o;i++)s.resolve(n[i]).then(e,t)}:function(e,t){return t(new TypeError("You must pass an array to race."))})},j.resolve=l,j.reject=function(e){var t=new this(m);return h(t,e),t},j._setScheduler=function(e){I=e},j._setAsap=function(e){E=e},j._asap=E,j.polyfill=function(){var e=void 0;if("undefined"!=typeof global)e=global;else if("undefined"!=typeof self)e=self;else try{e=Function("return this")()}catch(e){throw new Error("polyfill failed because global object is unavailable in this environment")}var t=e.Promise;if(t){var o=null;try{o=Object.prototype.toString.call(t.resolve())}catch(e){}if("[object Promise]"===o&&!t.cast)return}e.Promise=j},(j.Promise=j).polyfill(),j}
http://requirejs.org/docs/errors.html#mismatch
JavaScript warning: https://d2zywfiolv4f83.cloudfront.net/js/ws-js-stats.js?v=1598452166, line 152: unreachable code after return statement
JavaScript error: https://d2zywfiolv4f83.cloudfront.net/js/vendor/require.2.1.9.min.js?v=1598452166, line 8: Error: Mismatched anonymous define() module: function(){"use strict";function a(e){return"function"==typeof e}function t(){var e=setTimeout;return function(){return e(o,1)}}function o(){for(var e=0;e<y;e+=2){(0,T[e])(T[e+1]),T[e]=void 0,T[e+1]=void 0}y=0}function d(e,t){var o=this,i=new this.constructor(m);void 0===i[C]&&b(i);var n=o._state;if(n){var s=arguments[n-1];E(function(){return f(n,i,s,o._result)})}else r(o,i,e,t);return i}function l(e){if(e&&"object"==typeof e&&e.constructor===this)return e;var t=new this(m);return p(t,e),t}function m(){}function s(e,i,n){E(function(t){var o=!1,e=function(e,t,o,i){try{e.call(t,o,i)}catch(e){return e}}(n,i,function(e){o||(o=!0,(i!==e?p:g)(t,e))},function(e){o||(o=!0,h(t,e))},t._label);!o&&e&&(o=!0,h(t,e))},e)}function u(e,t,o){var i,n;t.constructor===e.constructor&&o===d&&t.constructor.resolve===l?(i=e,(n=t)._state===P?g(i,n._result):n._state===R?h(i,n._result):r(n,void 0,function(e){return p(i,e)},function(e){return h(i,e)})):void 0!==o&&a(o)?s(e,t,o):g(e,t)}function p(t,e){if(t===e)h(t,new TypeError("You cannot resolve a promise with itself"));else if(n=typeof(i=e),null===i||"object"!=n&&"function"!=n)g(t,e);else{var o=void 0;try{o=e.then}catch(e){return void h(t,e)}u(t,e,o)}var i,n}function i(e){e._onerror&&e._onerror(e._result),c(e)}function g(e,t){e._state===M&&(e._result=t,e._state=P,0!==e._subscribers.length&&E(c,e))}function h(e,t){e._state===M&&(e._state=R,e._result=t,E(i,e))}function r(e,t,o,i){var n=e._subscribers,s=n.length;e._onerror=null,n[s]=t,n[s+P]=o,n[s+R]=i,0===s&&e._state&&E(c,e)}function c(e){var t=e._subscribers,o=e._state;if(0!==t.length){for(var i=void 0,n=void 0,s=e._result,r=0;r<t.length;r+=3)i=t[r],n=t[r+o],i?f(o,i,n,s):n(s);e._subscribers.length=0}}function f(e,t,o,i){var n=a(o),s=void 0,r=void 0,c=!0;if(n){try{s=o(i)}catch(e){c=!1,r=e}if(t===s)return void h(t,new TypeError("A promises callback cannot return that same promise."))}else s=i;t._state!==M||(n&&c?p(t,s):!1===c?h(t,r):e===P?g(t,s):e===R&&h(t,s))}function b(e){e[C]=B++,e._state=void 0,e._result=void 0,e._subscribers=[]}var e,n,_,v,w=Array.isArray?Array.isArray:function(e){return"[object Array]"===Object.prototype.toString.call(e)},y=0,z=void 0,I=void 0,E=function(e,t){T[y]=e,T[y+1]=t,2===(y+=2)&&(I?I(o):U())},x="undefined"!=typeof window?window:void 0,O=x||{},S=O.MutationObserver||O.WebKitMutationObserver,k="undefined"==typeof self&&"undefined"!=typeof process&&"[object process]"==={}.toString.call(process),A="undefined"!=typeof Uint8ClampedArray&&"undefined"!=typeof importScripts&&"undefined"!=typeof MessageChannel,T=new Array(1e3),U=void 0;U=k?function(){return process.nextTick(o)}:S?(n=0,_=new S(o),v=document.createTextNode(""),_.observe(v,{characterData:!0}),function(){v.data=n=++n%2}):A?((e=new MessageChannel).port1.onmessage=o,function(){return e.port2.postMessage(0)}):(void 0===x&&"function"==typeof require?function(){try{var e=Function("return this")().require("vertx");return void 0!==(z=e.runOnLoop||e.runOnContext)?function(){z(o)}:t()}catch(e){return t()}}:t)();var C=Math.random().toString(36).substring(2),M=void 0,P=1,R=2,B=0,L=(H.prototype._enumerate=function(e){for(var t=0;this._state===M&&t<e.length;t++)this._eachEntry(e[t],t)},H.prototype._eachEntry=function(t,e){var o=this._instanceConstructor,i=o.resolve;if(i===l){var n=void 0,s=void 0,r=!1;try{n=t.then}catch(e){r=!0,s=e}if(n===d&&t._state!==M)this._settledAt(t._state,e,t._result);else if("function"!=typeof n)this._remaining--,this._result[e]=t;else if(o===j){var c=new o(m);r?h(c,s):u(c,t,n),this._willSettleAt(c,e)}else this._willSettleAt(new o(function(e){return e(t)}),e)}else this._willSettleAt(i(t),e)},H.prototype._settledAt=function(e,t,o){var i=this.promise;i._state===M&&(this._remaining--,e===R?h(i,o):this._result[t]=o),0===this._remaining&&g(i,this._result)},H.prototype._willSettleAt=function(e,t){var o=this;r(e,void 0,function(e){return o._settledAt(P,t,e)},function(e){return o._settledAt(R,t,e)})},H),j=(F.prototype.catch=function(e){return this.then(null,e)},F.prototype.finally=function(t){var o=this.constructor;return a(t)?this.then(function(e){return o.resolve(t()).then(function(){return e})},function(e){return o.resolve(t()).then(function(){throw e})}):this.then(t,t)},F);function F(e){this[C]=B++,this._result=this._state=void 0,this._subscribers=[],m!==e&&("function"!=typeof e&&function(){throw new TypeError("You must pass a resolver function as the first argument to the promise constructor")}(),this instanceof F?function(t,e){try{e(function(e){p(t,e)},function(e){h(t,e)})}catch(e){h(t,e)}}(this,e):function(){throw new TypeError("Failed to construct 'Promise': Please use the 'new' operator, this object constructor cannot be called as a function.")}())}function H(e,t){this._instanceConstructor=e,this.promise=new e(m),this.promise[C]||b(this.promise),w(t)?(this.length=t.length,this._remaining=t.length,this._result=new Array(this.length),0===this.length?g(this.promise,this._result):(this.length=this.length||0,this._enumerate(t),0===this._remaining&&g(this.promise,this._result))):h(this.promise,new Error("Array Methods must be provided an Array"))}return j.prototype.then=d,j.all=function(e){return new L(this,e).promise},j.race=function(n){var s=this;return new s(w(n)?function(e,t){for(var o=n.length,i=0;i<o;i++)s.resolve(n[i]).then(e,t)}:function(e,t){return t(new TypeError("You must pass an array to race."))})},j.resolve=l,j.reject=function(e){var t=new this(m);return h(t,e),t},j._setScheduler=function(e){I=e},j._setAsap=function(e){E=e},j._asap=E,j.polyfill=function(){var e=void 0;if("undefined"!=typeof global)e=global;else if("undefined"!=typeof self)e=self;else try{e=Function("return this")()}catch(e){throw new Error("polyfill failed because global object is unavailable in this environment")}var t=e.Promise;if(t){var o=null;try{o=Object.prototype.toString.call(t.resolve())}catch(e){}if("[object Promise]"===o&&!t.cast)return}e.Promise=j},(j.Promise=j).polyfill(),j}
http://requirejs.org/docs/errors.html#mismatch
JavaScript error: https://tpc.googlesyndication.com/sadbundle/$csp%3Der3$/18305713276412845065/MMC-2020-07-300x600-v2-s/index.html#t=387950850224292893&p=https%3A%2F%2Ff1b90b436a4af023f0a41e2b34a7841e.safeframe.googlesyndication.com, line 286: TypeError: studio.Enabler is undefined
JavaScript error: https://d2zywfiolv4f83.cloudfront.net/js/vendor/require.2.1.9.min.js?v=1598452166, line 8: Error: Mismatched anonymous define() module: function(){"use strict";function a(e){return"function"==typeof e}function t(){var e=setTimeout;return function(){return e(o,1)}}function o(){for(var e=0;e<y;e+=2){(0,T[e])(T[e+1]),T[e]=void 0,T[e+1]=void 0}y=0}function d(e,t){var o=this,i=new this.constructor(m);void 0===i[C]&&b(i);var n=o._state;if(n){var s=arguments[n-1];E(function(){return f(n,i,s,o._result)})}else r(o,i,e,t);return i}function l(e){if(e&&"object"==typeof e&&e.constructor===this)return e;var t=new this(m);return p(t,e),t}function m(){}function s(e,i,n){E(function(t){var o=!1,e=function(e,t,o,i){try{e.call(t,o,i)}catch(e){return e}}(n,i,function(e){o||(o=!0,(i!==e?p:g)(t,e))},function(e){o||(o=!0,h(t,e))},t._label);!o&&e&&(o=!0,h(t,e))},e)}function u(e,t,o){var i,n;t.constructor===e.constructor&&o===d&&t.constructor.resolve===l?(i=e,(n=t)._state===P?g(i,n._result):n._state===R?h(i,n._result):r(n,void 0,function(e){return p(i,e)},function(e){return h(i,e)})):void 0!==o&&a(o)?s(e,t,o):g(e,t)}function p(t,e){if(t===e)h(t,new TypeError("You cannot resolve a promise with itself"));else if(n=typeof(i=e),null===i||"object"!=n&&"function"!=n)g(t,e);else{var o=void 0;try{o=e.then}catch(e){return void h(t,e)}u(t,e,o)}var i,n}function i(e){e._onerror&&e._onerror(e._result),c(e)}function g(e,t){e._state===M&&(e._result=t,e._state=P,0!==e._subscribers.length&&E(c,e))}function h(e,t){e._state===M&&(e._state=R,e._result=t,E(i,e))}function r(e,t,o,i){var n=e._subscribers,s=n.length;e._onerror=null,n[s]=t,n[s+P]=o,n[s+R]=i,0===s&&e._state&&E(c,e)}function c(e){var t=e._subscribers,o=e._state;if(0!==t.length){for(var i=void 0,n=void 0,s=e._result,r=0;r<t.length;r+=3)i=t[r],n=t[r+o],i?f(o,i,n,s):n(s);e._subscribers.length=0}}function f(e,t,o,i){var n=a(o),s=void 0,r=void 0,c=!0;if(n){try{s=o(i)}catch(e){c=!1,r=e}if(t===s)return void h(t,new TypeError("A promises callback cannot return that same promise."))}else s=i;t._state!==M||(n&&c?p(t,s):!1===c?h(t,r):e===P?g(t,s):e===R&&h(t,s))}function b(e){e[C]=B++,e._state=void 0,e._result=void 0,e._subscribers=[]}var e,n,_,v,w=Array.isArray?Array.isArray:function(e){return"[object Array]"===Object.prototype.toString.call(e)},y=0,z=void 0,I=void 0,E=function(e,t){T[y]=e,T[y+1]=t,2===(y+=2)&&(I?I(o):U())},x="undefined"!=typeof window?window:void 0,O=x||{},S=O.MutationObserver||O.WebKitMutationObserver,k="undefined"==typeof self&&"undefined"!=typeof process&&"[object process]"==={}.toString.call(process),A="undefined"!=typeof Uint8ClampedArray&&"undefined"!=typeof importScripts&&"undefined"!=typeof MessageChannel,T=new Array(1e3),U=void 0;U=k?function(){return process.nextTick(o)}:S?(n=0,_=new S(o),v=document.createTextNode(""),_.observe(v,{characterData:!0}),function(){v.data=n=++n%2}):A?((e=new MessageChannel).port1.onmessage=o,function(){return e.port2.postMessage(0)}):(void 0===x&&"function"==typeof require?function(){try{var e=Function("return this")().require("vertx");return void 0!==(z=e.runOnLoop||e.runOnContext)?function(){z(o)}:t()}catch(e){return t()}}:t)();var C=Math.random().toString(36).substring(2),M=void 0,P=1,R=2,B=0,L=(H.prototype._enumerate=function(e){for(var t=0;this._state===M&&t<e.length;t++)this._eachEntry(e[t],t)},H.prototype._eachEntry=function(t,e){var o=this._instanceConstructor,i=o.resolve;if(i===l){var n=void 0,s=void 0,r=!1;try{n=t.then}catch(e){r=!0,s=e}if(n===d&&t._state!==M)this._settledAt(t._state,e,t._result);else if("function"!=typeof n)this._remaining--,this._result[e]=t;else if(o===j){var c=new o(m);r?h(c,s):u(c,t,n),this._willSettleAt(c,e)}else this._willSettleAt(new o(function(e){return e(t)}),e)}else this._willSettleAt(i(t),e)},H.prototype._settledAt=function(e,t,o){var i=this.promise;i._state===M&&(this._remaining--,e===R?h(i,o):this._result[t]=o),0===this._remaining&&g(i,this._result)},H.prototype._willSettleAt=function(e,t){var o=this;r(e,void 0,function(e){return o._settledAt(P,t,e)},function(e){return o._settledAt(R,t,e)})},H),j=(F.prototype.catch=function(e){return this.then(null,e)},F.prototype.finally=function(t){var o=this.constructor;return a(t)?this.then(function(e){return o.resolve(t()).then(function(){return e})},function(e){return o.resolve(t()).then(function(){throw e})}):this.then(t,t)},F);function F(e){this[C]=B++,this._result=this._state=void 0,this._subscribers=[],m!==e&&("function"!=typeof e&&function(){throw new TypeError("You must pass a resolver function as the first argument to the promise constructor")}(),this instanceof F?function(t,e){try{e(function(e){p(t,e)},function(e){h(t,e)})}catch(e){h(t,e)}}(this,e):function(){throw new TypeError("Failed to construct 'Promise': Please use the 'new' operator, this object constructor cannot be called as a function.")}())}function H(e,t){this._instanceConstructor=e,this.promise=new e(m),this.promise[C]||b(this.promise),w(t)?(this.length=t.length,this._remaining=t.length,this._result=new Array(this.length),0===this.length?g(this.promise,this._result):(this.length=this.length||0,this._enumerate(t),0===this._remaining&&g(this.promise,this._result))):h(this.promise,new Error("Array Methods must be provided an Array"))}return j.prototype.then=d,j.all=function(e){return new L(this,e).promise},j.race=function(n){var s=this;return new s(w(n)?function(e,t){for(var o=n.length,i=0;i<o;i++)s.resolve(n[i]).then(e,t)}:function(e,t){return t(new TypeError("You must pass an array to race."))})},j.resolve=l,j.reject=function(e){var t=new this(m);return h(t,e),t},j._setScheduler=function(e){I=e},j._setAsap=function(e){E=e},j._asap=E,j.polyfill=function(){var e=void 0;if("undefined"!=typeof global)e=global;else if("undefined"!=typeof self)e=self;else try{e=Function("return this")()}catch(e){throw new Error("polyfill failed because global object is unavailable in this environment")}var t=e.Promise;if(t){var o=null;try{o=Object.prototype.toString.call(t.resolve())}catch(e){}if("[object Promise]"===o&&!t.cast)return}e.Promise=j},(j.Promise=j).polyfill(),j}
http://requirejs.org/docs/errors.html#mismatch
JavaScript warning: https://www.whoscored.com/, line 9: Script terminated by timeout at:
nrWrapper@https://www.whoscored.com/:9:1

JavaScript error: https://www.soccer24.com/res/_fs/build/mainPageScripts.a74a368.js, line 1: TypeError: $(...).offset() is undefined
JavaScript error: https://www.soccer24.com/res/_fs/build/mainPageScripts.a74a368.js, line 1: TypeError: $(...).offset() is undefined
SourceActor threw an exception: Error: Failed to fetch https://ws.sharethis.com/secure/index.html. Code 2147500036.
Stack: onResponse@resource://devtools/shared/DevToolsUtils.js:549:16
onStopRequest@resource://gre/modules/NetUtil.jsm:128:18
Line: 549, column: 16
console.error: (new Error("Failed to fetch https://ws.sharethis.com/secure/index.html. Code 2147500036.", "resource://devtools/shared/DevToolsUtils.js", 549))
JavaScript error: resource://devtools/shared/DevToolsUtils.js, line 549: Error: Failed to fetch https://ws.sharethis.com/secure/index.html. Code 2147500036.
JavaScript error: , line 0: uncaught exception: Object
JavaScript error: , line 0: uncaught exception: Object
JavaScript error: , line 0: uncaught exception: Object
JavaScript error: http://www.soccerscore.com/, line 75: ReferenceError: stLight is not defined
JavaScript error: resource:///modules/FaviconLoader.jsm, line 568: InvalidStateError: An attempt was made to use an object that is not, or is no longer, usable
JavaScript error: https://i.futbol24.com/f24/js/kscms.min.js?_=1809252301, line 78: ReferenceError: $t is not defined
JavaScript error: http://static.7m.com.cn/js/report/soccer/comm/index.js, line 301: ReferenceError: game is not defined
JavaScript error: https://res.365scores.com/static/js/website.295d311a.chunk.js, line 1: TypeError: dataSource is null
JavaScript error: https://www.365scores.com/, line 3: ChunkLoadError: Loading chunk 12 failed.
(error: https://res.365scores.com/static/js/game-center.bdb1ec99.chunk.js)
JavaScript error: https://www.365scores.com/, line 3: ChunkLoadError: Loading chunk 12 failed.
(error: https://res.365scores.com/static/js/game-center.bdb1ec99.chunk.js)
JavaScript error: https://www.365scores.com/, line 3: ChunkLoadError: Loading chunk 12 failed.
(error: https://res.365scores.com/static/js/game-center.bdb1ec99.chunk.js)
JavaScript error: https://www.365scores.com/, line 3: ChunkLoadError: Loading chunk 12 failed.
(error: https://res.365scores.com/static/js/game-center.bdb1ec99.chunk.js)
JavaScript error: https://www.365scores.com/, line 3: ChunkLoadError: Loading chunk 12 failed.
(error: https://res.365scores.com/static/js/game-center.bdb1ec99.chunk.js)
JavaScript error: https://www.365scores.com/, line 3: ChunkLoadError: Loading chunk 12 failed.
(error: https://res.365scores.com/static/js/game-center.bdb1ec99.chunk.js)
JavaScript error: https://www.365scores.com/, line 3: ChunkLoadError: Loading chunk 12 failed.
(error: https://res.365scores.com/static/js/game-center.bdb1ec99.chunk.js)
JavaScript error: https://www.365scores.com/, line 3: ChunkLoadError: Loading chunk 12 failed.
(error: https://res.365scores.com/static/js/game-center.bdb1ec99.chunk.js)
JavaScript error: https://www.365scores.com/, line 3: ChunkLoadError: Loading chunk 12 failed.
(error: https://res.365scores.com/static/js/game-center.bdb1ec99.chunk.js)
JavaScript error: https://www.365scores.com/, line 3: ChunkLoadError: Loading chunk 12 failed.
(error: https://res.365scores.com/static/js/game-center.bdb1ec99.chunk.js)
JavaScript error: https://www.365scores.com/, line 3: ChunkLoadError: Loading chunk 12 failed.
(error: https://res.365scores.com/static/js/game-center.bdb1ec99.chunk.js)
JavaScript error: https://www.365scores.com/, line 3: ChunkLoadError: Loading chunk 12 failed.
(error: https://res.365scores.com/static/js/game-center.bdb1ec99.chunk.js)
JavaScript error: https://www.365scores.com/, line 3: ChunkLoadError: Loading chunk 12 failed.
(error: https://res.365scores.com/static/js/game-center.bdb1ec99.chunk.js)
JavaScript error: https://www.365scores.com/, line 3: ChunkLoadError: Loading chunk 12 failed.
(error: https://res.365scores.com/static/js/game-center.bdb1ec99.chunk.js)
JavaScript error: https://www.365scores.com/, line 3: ChunkLoadError: Loading chunk 12 failed.
(error: https://res.365scores.com/static/js/game-center.bdb1ec99.chunk.js)
JavaScript error: https://www.365scores.com/, line 3: ChunkLoadError: Loading chunk 12 failed.
(error: https://res.365scores.com/static/js/game-center.bdb1ec99.chunk.js)
JavaScript error: https://www.365scores.com/, line 3: ChunkLoadError: Loading chunk 12 failed.
(error: https://res.365scores.com/static/js/game-center.bdb1ec99.chunk.js)
JavaScript error: https://www.365scores.com/, line 3: ChunkLoadError: Loading chunk 12 failed.
(error: https://res.365scores.com/static/js/game-center.bdb1ec99.chunk.js)
JavaScript error: https://www.365scores.com/, line 3: ChunkLoadError: Loading chunk 12 failed.
(error: https://res.365scores.com/static/js/game-center.bdb1ec99.chunk.js)
JavaScript error: https://www.365scores.com/, line 3: ChunkLoadError: Loading chunk 12 failed.
(error: https://res.365scores.com/static/js/game-center.bdb1ec99.chunk.js)
JavaScript error: https://www.365scores.com/, line 3: ChunkLoadError: Loading chunk 12 failed.
(error: https://res.365scores.com/static/js/game-center.bdb1ec99.chunk.js)
JavaScript error: https://www.365scores.com/, line 3: ChunkLoadError: Loading chunk 12 failed.
(error: https://res.365scores.com/static/js/game-center.bdb1ec99.chunk.js)
JavaScript error: https://www.365scores.com/, line 3: ChunkLoadError: Loading chunk 12 failed.
(error: https://res.365scores.com/static/js/game-center.bdb1ec99.chunk.js)
JavaScript error: https://www.soccer24.com/res/_fs/build/mainPageScripts.a74a368.js, line 1: TypeError: $(...).offset() is undefined
JavaScript error: https://www.soccer24.com/res/_fs/build/mainPageScripts.a74a368.js, line 1: TypeError: $(...).offset() is undefined
JavaScript error: https://www.soccer24.com/x/js/core_100_1848000000.js, line 2805: TypeError: crtElement is null
JavaScript error: , line 0: uncaught exception: Object
JavaScript error: https://www.tennis24.com/res/_fs/build/mainPageScripts.a74a368.js, line 1: TypeError: $(...).offset() is undefined
JavaScript error: https://www.soccer24.com/res/_fs/build/mainPageScripts.a74a368.js, line 1: TypeError: $(...).offset() is undefined
JavaScript error: https://i.futbol24.com/f24/js/kscms.min.js?_=1809252301, line 78: ReferenceError: $t is not defined
JavaScript error: , line 0: uncaught exception: Object
JavaScript error: , line 0: uncaught exception: Object
JavaScript error: , line 0: uncaught exception: Object
JavaScript error: , line 0: uncaught exception: Object
JavaScript error: , line 0: uncaught exception: Object

###!!! [Child][MessageChannel] Error: (msgtype=0x56000F,name=PHal::Msg_ModifyWakeLock) Closed channel: cannot send/recv


###!!! [Child][MessageChannel] Error: (msgtype=0x3B0001,name=PCookieService::Msg_SetCookies) Closed channel: cannot send/recv


###!!! [Child][MessageChannel] Error: (msgtype=0x3B0001,name=PCookieService::Msg_SetCookies) Closed channel: cannot send/recv


###!!! [Child][MessageChannel] Error: (msgtype=0x6A0029,name=PNecko::Msg_RemoveRequestContext) Closed channel: cannot send/recv


###!!! [Child][MessageChannel] Error: (msgtype=0x6A0029,name=PNecko::Msg_RemoveRequestContext) Closed channel: cannot send/recv


###!!! [Child][MessageChannel] Error: (msgtype=0x6A0029,name=PNecko::Msg_RemoveRequestContext) Closed channel: cannot send/recv


###!!! [Child][MessageChannel] Error: (msgtype=0x3B0001,name=PCookieService::Msg_SetCookies) Closed channel: cannot send/recv


###!!! [Child][MessageChannel] Error: (msgtype=0x3B0001,name=PCookieService::Msg_SetCookies) Closed channel: cannot send/recv


###!!! [Child][MessageChannel] Error: (msgtype=0x6A0029,name=PNecko::Msg_RemoveRequestContext) Closed channel: cannot send/recv


###!!! [Child][MessageChannel] Error: (msgtype=0x39013E,name=PContent::Msg_DiscardBrowsingContext) Closed channel: cannot send/recv


###!!! [Child][MessageChannel] Error: (msgtype=0x39013E,name=PContent::Msg_DiscardBrowsingContext) Closed channel: cannot send/recv


###!!! [Child][MessageChannel] Error: (msgtype=0x39013E,name=PContent::Msg_DiscardBrowsingContext) Closed channel: cannot send/recv


###!!! [Child][MessageChannel] Error: (msgtype=0x39013E,name=PContent::Msg_DiscardBrowsingContext) Closed channel: cannot send/recv


###!!! [Child][MessageChannel] Error: (msgtype=0x39013E,name=PContent::Msg_DiscardBrowsingContext) Closed channel: cannot send/recv


###!!! [Child][MessageChannel] Error: (msgtype=0x6A0029,name=PNecko::Msg_RemoveRequestContext) Closed channel: cannot send/recv


###!!! [Child][MessageChannel] Error: (msgtype=0x39013E,name=PContent::Msg_DiscardBrowsingContext) Closed channel: cannot send/recv


###!!! [Child][MessageChannel] Error: (msgtype=0x39013E,name=PContent::Msg_DiscardBrowsingContext) Closed channel: cannot send/recv


###!!! [Child][MessageChannel] Error: (msgtype=0x39013E,name=PContent::Msg_DiscardBrowsingContext) Closed channel: cannot send/recv


###!!! [Child][MessageChannel] Error: (msgtype=0x39013E,name=PContent::Msg_DiscardBrowsingContext) Closed channel: cannot send/recv


###!!! [Child][MessageChannel] Error: (msgtype=0x39013E,name=PContent::Msg_DiscardBrowsingContext) Closed channel: cannot send/recv


###!!! [Child][MessageChannel] Error: (msgtype=0x39013E,name=PContent::Msg_DiscardBrowsingContext) Closed channel: cannot send/recv


###!!! [Child][MessageChannel] Error: (msgtype=0x39013E,name=PContent::Msg_DiscardBrowsingContext) Closed channel: cannot send/recv


###!!! [Child][MessageChannel] Error: (msgtype=0x6A0029,name=PNecko::Msg_RemoveRequestContext) Closed channel: cannot send/recv


###!!! [Child][MessageChannel] Error: (msgtype=0x39013E,name=PContent::Msg_DiscardBrowsingContext) Closed channel: cannot send/recv


###!!! [Child][MessageChannel] Error: (msgtype=0x39013E,name=PContent::Msg_DiscardBrowsingContext) Closed channel: cannot send/recv


###!!! [Child][MessageChannel] Error: (msgtype=0x39013E,name=PContent::Msg_DiscardBrowsingContext) Closed channel: cannot send/recv


###!!! [Child][MessageChannel] Error: (msgtype=0x39013E,name=PContent::Msg_DiscardBrowsingContext) Closed channel: cannot send/recv


###!!! [Child][MessageChannel] Error: (msgtype=0x39013E,name=PContent::Msg_DiscardBrowsingContext) Closed channel: cannot send/recv


###!!! [Child][MessageChannel] Error: (msgtype=0x39013E,name=PContent::Msg_DiscardBrowsingContext) Closed channel: cannot send/recv


###!!! [Child][MessageChannel] Error: (msgtype=0x39013E,name=PContent::Msg_DiscardBrowsingContext) Closed channel: cannot send/recv


###!!! [Child][MessageChannel] Error: (msgtype=0x39013E,name=PContent::Msg_DiscardBrowsingContext) Closed channel: cannot send/recv


###!!! [Child][MessageChannel] Error: (msgtype=0x39013E,name=PContent::Msg_DiscardBrowsingContext) Closed channel: cannot send/recv


###!!! [Child][MessageChannel] Error: (msgtype=0x39013E,name=PContent::Msg_DiscardBrowsingContext) Closed channel: cannot send/recv


###!!! [Child][MessageChannel] Error: (msgtype=0x39013E,name=PContent::Msg_DiscardBrowsingContext) Closed channel: cannot send/recv


###!!! [Child][MessageChannel] Error: (msgtype=0x39013E,name=PContent::Msg_DiscardBrowsingContext) Closed channel: cannot send/recv


###!!! [Child][MessageChannel] Error: (msgtype=0x39013E,name=PContent::Msg_DiscardBrowsingContext) Closed channel: cannot send/recv


###!!! [Child][MessageChannel] Error: (msgtype=0x39013E,name=PContent::Msg_DiscardBrowsingContext) Closed channel: cannot send/recv


###!!! [Child][MessageChannel] Error: (msgtype=0x39013E,name=PContent::Msg_DiscardBrowsingContext) Closed channel: cannot send/recv


###!!! [Child][MessageChannel] Error: (msgtype=0x39013E,name=PContent::Msg_DiscardBrowsingContext) Closed channel: cannot send/recv


###!!! [Child][MessageChannel] Error: (msgtype=0x39013E,name=PContent::Msg_DiscardBrowsingContext) Closed channel: cannot send/recv


###!!! [Child][MessageChannel] Error: (msgtype=0x39013E,name=PContent::Msg_DiscardBrowsingContext) Closed channel: cannot send/recv

1598898756145	geckodriver	INFO	Listening on 127.0.0.1:56433
1598898759226	mozrunner::runner	INFO	Running command: "C:\\Program Files\\Mozilla Firefox\\firefox.exe" "--marionette" "-foreground" "-no-remote" "-profile" "C:\\Users\\Asen\\AppData\\Local\\Temp\\rust_mozprofile8ZK3P1"
JavaScript error: resource://gre/modules/XULStore.jsm, line 66: Error: Can't find profile directory.
console.error: SearchCache: "_readCacheFile: Error reading cache file:" (new Error("", "(unknown module)"))
1598898762437	Marionette	INFO	Listening on port 56441
1598898762838	Marionette	WARN	TLS certificate errors will be ignored for this session
JavaScript error: https://www.soccer24.com/res/_fs/build/mainPageScripts.a74a368.js, line 1: TypeError: $(...).offset() is undefined
1598898918509	Marionette	INFO	Stopped listening on port 56441

###!!! [Child][RunMessage] Error: Channel closing: too late to send/recv, messages will be lost


###!!! [Child][MessageChannel::SendAndWait] Error: Channel error: cannot send/recv

1598898960804	geckodriver	INFO	Listening on 127.0.0.1:56516
1598898963881	mozrunner::runner	INFO	Running command: "C:\\Program Files\\Mozilla Firefox\\firefox.exe" "--marionette" "-foreground" "-no-remote" "-profile" "C:\\Users\\Asen\\AppData\\Local\\Temp\\rust_mozprofileCE3kKx"
JavaScript error: resource://gre/modules/XULStore.jsm, line 66: Error: Can't find profile directory.
console.error: SearchCache: "_readCacheFile: Error reading cache file:" (new Error("", "(unknown module)"))
1598898966787	Marionette	INFO	Listening on port 56524
1598898966997	Marionette	WARN	TLS certificate errors will be ignored for this session
JavaScript error: https://www.soccer24.com/res/_fs/build/mainPageScripts.a74a368.js, line 1: TypeError: $(...).offset() is undefined
1598898975851	Marionette	INFO	Stopped listening on port 56524
IPDL protocol error: Handler returned error code!

###!!! [Parent][DispatchAsyncMessage] Error: PLayerTransaction::Msg_ReleaseLayer Processing error: message was deserialized, but the handler returned false (indicating failure)


###!!! [Child][RunMessage] Error: Channel closing: too late to send/recv, messages will be lost


###!!! [Child][MessageChannel::SendAndWait] Error: Channel error: cannot send/recv

1598901137269	geckodriver	INFO	Listening on 127.0.0.1:56648
1598901140417	mozrunner::runner	INFO	Running command: "C:\\Program Files\\Mozilla Firefox\\firefox.exe" "--marionette" "-foreground" "-no-remote" "-profile" "C:\\Users\\Asen\\AppData\\Local\\Temp\\rust_mozprofilebW7weD"
JavaScript error: resource://gre/modules/XULStore.jsm, line 66: Error: Can't find profile directory.
console.error: SearchCache: "_readCacheFile: Error reading cache file:" (new Error("", "(unknown module)"))
1598901143677	Marionette	INFO	Listening on port 56656
1598901144044	Marionette	WARN	TLS certificate errors will be ignored for this session
JavaScript error: https://www.soccer24.com/res/_fs/build/mainPageScripts.a74a368.js, line 1: TypeError: $(...).offset() is undefined
1598901148899	Marionette	WARN	TimedPromise timed out after 500 ms: stacktrace:
TimedPromise/<@chrome://marionette/content/sync.js:245:13
TimedPromise@chrome://marionette/content/sync.js:230:10
interaction.flushEventLoop@chrome://marionette/content/interaction.js:416:10
webdriverClickElement@chrome://marionette/content/interaction.js:182:31
1598901159580	Marionette	INFO	Stopped listening on port 56656

###!!! [Child][RunMessage] Error: Channel closing: too late to send/recv, messages will be lost


###!!! [Child][MessageChannel::SendAndWait] Error: Channel error: cannot send/recv

1598936320910	geckodriver	INFO	Listening on 127.0.0.1:57889
1598936324030	mozrunner::runner	INFO	Running command: "C:\\Program Files\\Mozilla Firefox\\firefox.exe" "--marionette" "-foreground" "-no-remote" "-profile" "C:\\Users\\Asen\\AppData\\Local\\Temp\\rust_mozprofilekVtaqQ"
JavaScript error: resource://gre/modules/XULStore.jsm, line 66: Error: Can't find profile directory.
console.error: SearchCache: "_readCacheFile: Error reading cache file:" (new Error("", "(unknown module)"))
1598936327353	Marionette	INFO	Listening on port 57897
1598936327649	Marionette	WARN	TLS certificate errors will be ignored for this session
JavaScript error: https://www.soccer24.com/res/_fs/build/mainPageScripts.a74a368.js, line 1: TypeError: $(...).offset() is undefined
1598936427586	Marionette	INFO	Stopped listening on port 57897

###!!! [Child][RunMessage] Error: Channel closing: too late to send/recv, messages will be lost


###!!! [Child][MessageChannel::SendAndWait] Error: Channel error: cannot send/recv

1598936446346	geckodriver	INFO	Listening on 127.0.0.1:57959
1598936449442	mozrunner::runner	INFO	Running command: "C:\\Program Files\\Mozilla Firefox\\firefox.exe" "--marionette" "-foreground" "-no-remote" "-profile" "C:\\Users\\Asen\\AppData\\Local\\Temp\\rust_mozprofilecxchbt"
JavaScript error: resource://gre/modules/XULStore.jsm, line 66: Error: Can't find profile directory.
console.error: SearchCache: "_readCacheFile: Error reading cache file:" (new Error("", "(unknown module)"))
1598936452578	Marionette	INFO	Listening on port 57967
1598936453065	Marionette	WARN	TLS certificate errors will be ignored for this session
JavaScript error: https://www.soccer24.com/res/_fs/build/mainPageScripts.a74a368.js, line 1: TypeError: $(...).offset() is undefined
1598936469081	Marionette	INFO	Stopped listening on port 57967

###!!! [Child][RunMessage] Error: Channel closing: too late to send/recv, messages will be lost


###!!! [Child][MessageChannel::SendAndWait] Error: Channel error: cannot send/recv

1598936504108	geckodriver	INFO	Listening on 127.0.0.1:58029
1598936507192	mozrunner::runner	INFO	Running command: "C:\\Program Files\\Mozilla Firefox\\firefox.exe" "--marionette" "-foreground" "-no-remote" "-profile" "C:\\Users\\Asen\\AppData\\Local\\Temp\\rust_mozprofileywADMK"
JavaScript error: resource://gre/modules/XULStore.jsm, line 66: Error: Can't find profile directory.
console.error: SearchCache: "_readCacheFile: Error reading cache file:" (new Error("", "(unknown module)"))
1598936510425	Marionette	INFO	Listening on port 58037
1598936510815	Marionette	WARN	TLS certificate errors will be ignored for this session
JavaScript error: https://www.soccer24.com/res/_fs/build/mainPageScripts.a74a368.js, line 1: TypeError: $(...).offset() is undefined
1598936526936	Marionette	INFO	Stopped listening on port 58037
IPDL protocol error: Handler returned error code!

###!!! [Parent][DispatchAsyncMessage] Error: PLayerTransaction::Msg_ReleaseLayer Processing error: message was deserialized, but the handler returned false (indicating failure)


###!!! [Child][RunMessage] Error: Channel closing: too late to send/recv, messages will be lost


###!!! [Child][MessageChannel::SendAndWait] Error: Channel error: cannot send/recv

1598936750426	geckodriver	INFO	Listening on 127.0.0.1:58146
1598936753480	mozrunner::runner	INFO	Running command: "C:\\Program Files\\Mozilla Firefox\\firefox.exe" "--marionette" "-foreground" "-no-remote" "-profile" "C:\\Users\\Asen\\AppData\\Local\\Temp\\rust_mozprofilezNo1FZ"
JavaScript error: resource://gre/modules/XULStore.jsm, line 66: Error: Can't find profile directory.
console.error: SearchCache: "_readCacheFile: Error reading cache file:" (new Error("", "(unknown module)"))
1598936756933	Marionette	INFO	Listening on port 58154
1598936757095	Marionette	WARN	TLS certificate errors will be ignored for this session
JavaScript error: https://www.soccer24.com/res/_fs/build/mainPageScripts.a74a368.js, line 1: TypeError: $(...).offset() is undefined
1598936774299	Marionette	INFO	Stopped listening on port 58154
IPDL protocol error: Handler returned error code!

###!!! [Parent][DispatchAsyncMessage] Error: PLayerTransaction::Msg_ReleaseLayer Processing error: message was deserialized, but the handler returned false (indicating failure)


###!!! [Child][RunMessage] Error: Channel closing: too late to send/recv, messages will be lost


###!!! [Child][MessageChannel::SendAndWait] Error: Channel error: cannot send/recv

1598936893542	geckodriver	INFO	Listening on 127.0.0.1:58219
1598936896594	mozrunner::runner	INFO	Running command: "C:\\Program Files\\Mozilla Firefox\\firefox.exe" "--marionette" "-foreground" "-no-remote" "-profile" "C:\\Users\\Asen\\AppData\\Local\\Temp\\rust_mozprofileHgrS8d"
JavaScript error: resource://gre/modules/XULStore.jsm, line 66: Error: Can't find profile directory.
console.error: SearchCache: "_readCacheFile: Error reading cache file:" (new Error("", "(unknown module)"))
1598936900101	Marionette	INFO	Listening on port 58227
1598936900218	Marionette	WARN	TLS certificate errors will be ignored for this session
JavaScript error: https://www.soccer24.com/res/_fs/build/mainPageScripts.a74a368.js, line 1: TypeError: $(...).offset() is undefined
1598936925713	Marionette	INFO	Stopped listening on port 58227

###!!! [Child][RunMessage] Error: Channel closing: too late to send/recv, messages will be lost


###!!! [Child][MessageChannel::SendAndWait] Error: Channel error: cannot send/recv

1598936954810	geckodriver	INFO	Listening on 127.0.0.1:58297
1598936958370	geckodriver	INFO	Listening on 127.0.0.1:58302
1598936961469	mozrunner::runner	INFO	Running command: "C:\\Program Files\\Mozilla Firefox\\firefox.exe" "--marionette" "-foreground" "-no-remote" "-profile" "C:\\Users\\Asen\\AppData\\Local\\Temp\\rust_mozprofile6qAVqn"
JavaScript error: resource://gre/modules/XULStore.jsm, line 66: Error: Can't find profile directory.
console.error: SearchCache: "_readCacheFile: Error reading cache file:" (new Error("", "(unknown module)"))
1598936964447	Marionette	INFO	Listening on port 58310
1598936964614	Marionette	WARN	TLS certificate errors will be ignored for this session
JavaScript error: https://www.soccer24.com/res/_fs/build/mainPageScripts.a74a368.js, line 1: TypeError: $(...).offset() is undefined
1598936990085	Marionette	INFO	Stopped listening on port 58310

###!!! [Child][RunMessage] Error: Channel closing: too late to send/recv, messages will be lost


###!!! [Child][MessageChannel::SendAndWait] Error: Channel error: cannot send/recv

1598936999920	geckodriver	INFO	Listening on 127.0.0.1:58372
1598937003006	mozrunner::runner	INFO	Running command: "C:\\Program Files\\Mozilla Firefox\\firefox.exe" "--marionette" "-foreground" "-no-remote" "-profile" "C:\\Users\\Asen\\AppData\\Local\\Temp\\rust_mozprofileU0LdyP"
JavaScript error: resource://gre/modules/XULStore.jsm, line 66: Error: Can't find profile directory.
console.error: SearchCache: "_readCacheFile: Error reading cache file:" (new Error("", "(unknown module)"))
1598937006073	Marionette	INFO	Listening on port 58380
1598937006124	Marionette	WARN	TLS certificate errors will be ignored for this session
JavaScript error: https://www.soccer24.com/res/_fs/build/mainPageScripts.a74a368.js, line 1: TypeError: $(...).offset() is undefined
1598937032615	Marionette	INFO	Stopped listening on port 58380
IPDL protocol error: Handler returned error code!

###!!! [Parent][DispatchAsyncMessage] Error: PLayerTransaction::Msg_ReleaseLayer Processing error: message was deserialized, but the handler returned false (indicating failure)


###!!! [Child][RunMessage] Error: Channel closing: too late to send/recv, messages will be lost


###!!! [Child][MessageChannel::SendAndWait] Error: Channel error: cannot send/recv

1598938414042	geckodriver	INFO	Listening on 127.0.0.1:58775
1598938417163	mozrunner::runner	INFO	Running command: "C:\\Program Files\\Mozilla Firefox\\firefox.exe" "--marionette" "-foreground" "-no-remote" "-profile" "C:\\Users\\Asen\\AppData\\Local\\Temp\\rust_mozprofileo2UxBu"
JavaScript error: resource://gre/modules/XULStore.jsm, line 66: Error: Can't find profile directory.
console.error: SearchCache: "_readCacheFile: Error reading cache file:" (new Error("", "(unknown module)"))
1598938420397	Marionette	INFO	Listening on port 58783
1598938420783	Marionette	WARN	TLS certificate errors will be ignored for this session
JavaScript error: https://www.soccer24.com/res/_fs/build/mainPageScripts.a74a368.js, line 1: TypeError: $(...).offset() is undefined
1598938430820	Marionette	INFO	Stopped listening on port 58783

###!!! [Child][RunMessage] Error: Channel closing: too late to send/recv, messages will be lost


###!!! [Child][MessageChannel::SendAndWait] Error: Channel error: cannot send/recv

1598948843358	geckodriver	INFO	Listening on 127.0.0.1:53239
1598948846480	mozrunner::runner	INFO	Running command: "C:\\Program Files\\Mozilla Firefox\\firefox.exe" "--marionette" "-foreground" "-no-remote" "-profile" "C:\\Users\\Asen\\AppData\\Local\\Temp\\rust_mozprofileEFrpYQ"
JavaScript error: resource://gre/modules/XULStore.jsm, line 66: Error: Can't find profile directory.
console.error: SearchCache: "_readCacheFile: Error reading cache file:" (new Error("", "(unknown module)"))
1598948849681	Marionette	INFO	Listening on port 53247
1598948850108	Marionette	WARN	TLS certificate errors will be ignored for this session
JavaScript error: https://www.soccer24.com/res/_fs/build/mainPageScripts.a74a368.js, line 1: TypeError: $(...).offset() is undefined
1598948861013	Marionette	INFO	Stopped listening on port 53247
IPDL protocol error: Handler returned error code!

###!!! [Parent][DispatchAsyncMessage] Error: PLayerTransaction::Msg_ReleaseLayer Processing error: message was deserialized, but the handler returned false (indicating failure)


###!!! [Child][RunMessage] Error: Channel closing: too late to send/recv, messages will be lost


###!!! [Child][MessageChannel::SendAndWait] Error: Channel error: cannot send/recv

1598948871767	geckodriver	INFO	Listening on 127.0.0.1:53311
1598948874853	mozrunner::runner	INFO	Running command: "C:\\Program Files\\Mozilla Firefox\\firefox.exe" "--marionette" "-foreground" "-no-remote" "-profile" "C:\\Users\\Asen\\AppData\\Local\\Temp\\rust_mozprofileaBHiNv"
JavaScript error: resource://gre/modules/XULStore.jsm, line 66: Error: Can't find profile directory.
console.error: SearchCache: "_readCacheFile: Error reading cache file:" (new Error("", "(unknown module)"))
1598948877894	Marionette	INFO	Listening on port 53319
1598948878015	Marionette	WARN	TLS certificate errors will be ignored for this session
JavaScript error: https://www.soccer24.com/res/_fs/build/mainPageScripts.a74a368.js, line 1: TypeError: $(...).offset() is undefined
IPDL protocol error: Handler returned error code!

###!!! [Parent][DispatchAsyncMessage] Error: PLayerTransaction::Msg_ReleaseLayer Processing error: message was deserialized, but the handler returned false (indicating failure)

1598948890087	Marionette	INFO	Stopped listening on port 53319

###!!! [Child][RunMessage] Error: Channel closing: too late to send/recv, messages will be lost


###!!! [Child][MessageChannel::SendAndWait] Error: Channel error: cannot send/recv

1598948933742	geckodriver	INFO	Listening on 127.0.0.1:53381
1598948936915	mozrunner::runner	INFO	Running command: "C:\\Program Files\\Mozilla Firefox\\firefox.exe" "--marionette" "-foreground" "-no-remote" "-profile" "C:\\Users\\Asen\\AppData\\Local\\Temp\\rust_mozprofilewxhfUi"
JavaScript error: resource://gre/modules/XULStore.jsm, line 66: Error: Can't find profile directory.
console.error: SearchCache: "_readCacheFile: Error reading cache file:" (new Error("", "(unknown module)"))
1598948939320	Marionette	INFO	Listening on port 53389
1598948939546	Marionette	WARN	TLS certificate errors will be ignored for this session
JavaScript error: https://www.soccer24.com/res/_fs/build/mainPageScripts.a74a368.js, line 1: TypeError: $(...).offset() is undefined
1598948949201	Marionette	INFO	Stopped listening on port 53389

###!!! [Child][RunMessage] Error: Channel closing: too late to send/recv, messages will be lost


###!!! [Child][MessageChannel::SendAndWait] Error: Channel error: cannot send/recv

1598949486053	geckodriver	INFO	Listening on 127.0.0.1:53472
1598949489158	mozrunner::runner	INFO	Running command: "C:\\Program Files\\Mozilla Firefox\\firefox.exe" "--marionette" "-foreground" "-no-remote" "-profile" "C:\\Users\\Asen\\AppData\\Local\\Temp\\rust_mozprofiler7jCAc"
JavaScript error: resource://gre/modules/XULStore.jsm, line 66: Error: Can't find profile directory.
console.error: SearchCache: "_readCacheFile: Error reading cache file:" (new Error("", "(unknown module)"))
1598949492633	Marionette	INFO	Listening on port 53480
1598949492777	Marionette	WARN	TLS certificate errors will be ignored for this session
JavaScript error: https://www.soccer24.com/res/_fs/build/mainPageScripts.9efcac9.js, line 1: TypeError: $(...).offset() is undefined
1598949533823	Marionette	INFO	Stopped listening on port 53480

###!!! [Child][RunMessage] Error: Channel closing: too late to send/recv, messages will be lost


###!!! [Child][MessageChannel::SendAndWait] Error: Channel error: cannot send/recv

1598949594038	geckodriver	INFO	Listening on 127.0.0.1:53557
1598949597125	mozrunner::runner	INFO	Running command: "C:\\Program Files\\Mozilla Firefox\\firefox.exe" "--marionette" "-foreground" "-no-remote" "-profile" "C:\\Users\\Asen\\AppData\\Local\\Temp\\rust_mozprofileiQhrfm"
JavaScript error: resource://gre/modules/XULStore.jsm, line 66: Error: Can't find profile directory.
console.error: SearchCache: "_readCacheFile: Error reading cache file:" (new Error("", "(unknown module)"))
console.error: Region.jsm: "Error fetching region" (new TypeError("NetworkError when attempting to fetch resource.", ""))
console.error: Region.jsm: "Failed to fetch region" (new Error("NO_RESULT", "resource://gre/modules/Region.jsm", 343))
console.error: (new Error("Connection closed before committing the transaction.", "resource://gre/modules/Sqlite.jsm", 688))
console.error: (new Error("Transaction canceled due to a closed connection.", "resource://gre/modules/Sqlite.jsm", 618))
console.error: "Could not load engine google@search.mozilla.org: [Exception... \"AddonManager is not initialized\"  nsresult: \"0xc1f30001 (NS_ERROR_NOT_INITIALIZED)\"  location: \"JS frame :: resource://gre/modules/AddonManager.jsm :: installBuiltinAddon :: line 2529\"  data: no]"
console.error: "Could not load engine amazondotcom@search.mozilla.org: [Exception... \"AddonManager is not initialized\"  nsresult: \"0xc1f30001 (NS_ERROR_NOT_INITIALIZED)\"  location: \"JS frame :: resource://gre/modules/AddonManager.jsm :: installBuiltinAddon :: line 2529\"  data: no]"
console.error: "Could not load engine ddg@search.mozilla.org: [Exception... \"AddonManager is not initialized\"  nsresult: \"0xc1f30001 (NS_ERROR_NOT_INITIALIZED)\"  location: \"JS frame :: resource://gre/modules/AddonManager.jsm :: installBuiltinAddon :: line 2529\"  data: no]"
console.error: "Could not load engine bing@search.mozilla.org: [Exception... \"AddonManager is not initialized\"  nsresult: \"0xc1f30001 (NS_ERROR_NOT_INITIALIZED)\"  location: \"JS frame :: resource://gre/modules/AddonManager.jsm :: installBuiltinAddon :: line 2529\"  data: no]"
console.error: "Could not load engine wikipedia@search.mozilla.org: [Exception... \"AddonManager is not initialized\"  nsresult: \"0xc1f30001 (NS_ERROR_NOT_INITIALIZED)\"  location: \"JS frame :: resource://gre/modules/AddonManager.jsm :: installBuiltinAddon :: line 2529\"  data: no]"
console.warn: SearchService: "_init: abandoning init due to shutting down"
JavaScript error: resource://gre/modules/AsyncShutdown.jsm, line 554: uncaught exception: 2147500036
JavaScript error: resource://gre/modules/AsyncShutdown.jsm, line 554: uncaught exception: 2147500036
JavaScript error: resource://gre/modules/JSONFile.jsm, line 196: Error: Data is not ready.

###!!! [Child][RunMessage] Error: Channel closing: too late to send/recv, messages will be lost


###!!! [Child][MessageChannel::SendAndWait] Error: Channel error: cannot send/recv

1598949612636	geckodriver	INFO	Listening on 127.0.0.1:53580
1598949615709	mozrunner::runner	INFO	Running command: "C:\\Program Files\\Mozilla Firefox\\firefox.exe" "--marionette" "-foreground" "-no-remote" "-profile" "C:\\Users\\Asen\\AppData\\Local\\Temp\\rust_mozprofileUSTdZd"
JavaScript error: resource://gre/modules/XULStore.jsm, line 66: Error: Can't find profile directory.
console.error: SearchCache: "_readCacheFile: Error reading cache file:" (new Error("", "(unknown module)"))
1598949618916	Marionette	INFO	Listening on port 53588
1598949619329	Marionette	WARN	TLS certificate errors will be ignored for this session
JavaScript error: https://www.soccer24.com/res/_fs/build/mainPageScripts.9efcac9.js, line 1: TypeError: $(...).offset() is undefined
1598949627346	Marionette	INFO	Stopped listening on port 53588

###!!! [Child][RunMessage] Error: Channel closing: too late to send/recv, messages will be lost


###!!! [Child][MessageChannel::SendAndWait] Error: Channel error: cannot send/recv

1598949668175	geckodriver	INFO	Listening on 127.0.0.1:53652
1598949671242	mozrunner::runner	INFO	Running command: "C:\\Program Files\\Mozilla Firefox\\firefox.exe" "--marionette" "-foreground" "-no-remote" "-profile" "C:\\Users\\Asen\\AppData\\Local\\Temp\\rust_mozprofileOTTzer"
JavaScript error: resource://gre/modules/XULStore.jsm, line 66: Error: Can't find profile directory.
console.error: SearchCache: "_readCacheFile: Error reading cache file:" (new Error("", "(unknown module)"))
1598949674294	Marionette	INFO	Listening on port 53660
1598949674369	Marionette	WARN	TLS certificate errors will be ignored for this session
JavaScript error: https://www.soccer24.com/res/_fs/build/mainPageScripts.9efcac9.js, line 1: TypeError: $(...).offset() is undefined
1598949682217	Marionette	INFO	Stopped listening on port 53660

###!!! [Child][RunMessage] Error: Channel closing: too late to send/recv, messages will be lost


###!!! [Child][MessageChannel::SendAndWait] Error: Channel error: cannot send/recv

1598949987553	geckodriver	INFO	Listening on 127.0.0.1:53723
1598949990644	mozrunner::runner	INFO	Running command: "C:\\Program Files\\Mozilla Firefox\\firefox.exe" "--marionette" "-foreground" "-no-remote" "-profile" "C:\\Users\\Asen\\AppData\\Local\\Temp\\rust_mozprofileC0GvnX"
JavaScript error: resource://gre/modules/XULStore.jsm, line 66: Error: Can't find profile directory.
console.error: SearchCache: "_readCacheFile: Error reading cache file:" (new Error("", "(unknown module)"))
1598949993934	Marionette	INFO	Listening on port 53731
1598949994273	Marionette	WARN	TLS certificate errors will be ignored for this session
JavaScript error: https://www.soccer24.com/res/_fs/build/mainPageScripts.9efcac9.js, line 1: TypeError: $(...).offset() is undefined
1598950002629	Marionette	INFO	Stopped listening on port 53731

###!!! [Child][RunMessage] Error: Channel closing: too late to send/recv, messages will be lost


###!!! [Child][MessageChannel::SendAndWait] Error: Channel error: cannot send/recv

1598950071033	geckodriver	INFO	Listening on 127.0.0.1:53796
1598950074123	mozrunner::runner	INFO	Running command: "C:\\Program Files\\Mozilla Firefox\\firefox.exe" "--marionette" "-foreground" "-no-remote" "-profile" "C:\\Users\\Asen\\AppData\\Local\\Temp\\rust_mozprofiledI49CL"
JavaScript error: resource://gre/modules/XULStore.jsm, line 66: Error: Can't find profile directory.
console.error: SearchCache: "_readCacheFile: Error reading cache file:" (new Error("", "(unknown module)"))
1598950077121	Marionette	INFO	Listening on port 53804
1598950077248	Marionette	WARN	TLS certificate errors will be ignored for this session
JavaScript error: https://www.soccer24.com/res/_fs/build/mainPageScripts.9efcac9.js, line 1: TypeError: $(...).offset() is undefined
1598950082048	Marionette	WARN	TimedPromise timed out after 500 ms: stacktrace:
TimedPromise/<@chrome://marionette/content/sync.js:245:13
TimedPromise@chrome://marionette/content/sync.js:230:10
interaction.flushEventLoop@chrome://marionette/content/interaction.js:416:10
webdriverClickElement@chrome://marionette/content/interaction.js:182:31
1598950084961	Marionette	INFO	Stopped listening on port 53804
IPDL protocol error: Handler returned error code!

###!!! [Parent][DispatchAsyncMessage] Error: PLayerTransaction::Msg_ReleaseLayer Processing error: message was deserialized, but the handler returned false (indicating failure)


###!!! [Child][RunMessage] Error: Channel closing: too late to send/recv, messages will be lost


###!!! [Child][MessageChannel::SendAndWait] Error: Channel error: cannot send/recv

1598951831853	geckodriver	INFO	Listening on 127.0.0.1:54018
1598951834957	mozrunner::runner	INFO	Running command: "C:\\Program Files\\Mozilla Firefox\\firefox.exe" "--marionette" "-headless" "-foreground" "-no-remote" "-profile" "C:\\Users\\Asen\\AppData\\Local\\Temp\\rust_mozprofile2nqTqz"
*** You are running in headless mode.
JavaScript error: resource://gre/modules/XULStore.jsm, line 66: Error: Can't find profile directory.
console.error: SearchCache: "_readCacheFile: Error reading cache file:" (new Error("", "(unknown module)"))
1598951837305	Marionette	INFO	Listening on port 54026
1598951837571	Marionette	WARN	TLS certificate errors will be ignored for this session
JavaScript error: https://www.soccer24.com/res/_fs/build/mainPageScripts.9efcac9.js, line 1: TypeError: $(...).offset() is undefined
1598951844470	Marionette	INFO	Stopped listening on port 54026
JavaScript error: resource://gre/modules/UrlClassifierListManager.jsm, line 691: TypeError: this.tablesData[table] is undefined
1598952126590	geckodriver	INFO	Listening on 127.0.0.1:54102
1598952129698	mozrunner::runner	INFO	Running command: "C:\\Program Files\\Mozilla Firefox\\firefox.exe" "--marionette" "-headless" "-foreground" "-no-remote" "-profile" "C:\\Users\\Asen\\AppData\\Local\\Temp\\rust_mozprofilexWG3uT"
*** You are running in headless mode.
JavaScript error: resource://gre/modules/XULStore.jsm, line 66: Error: Can't find profile directory.
console.error: SearchCache: "_readCacheFile: Error reading cache file:" (new Error("", "(unknown module)"))
1598952133073	Marionette	INFO	Listening on port 54110
1598952133326	Marionette	WARN	TLS certificate errors will be ignored for this session
JavaScript error: https://www.soccer24.com/res/_fs/build/mainPageScripts.9efcac9.js, line 1: TypeError: $(...).offset() is undefined
1598952139697	Marionette	INFO	Stopped listening on port 54110
[Parent 12064, Gecko_IOThread] WARNING: file /builds/worker/checkouts/gecko/ipc/chromium/src/base/process_util_win.cc, line 166
JavaScript error: resource://gre/modules/UrlClassifierListManager.jsm, line 691: TypeError: this.tablesData[table] is undefined
1598952173653	geckodriver	INFO	Listening on 127.0.0.1:54160
1598952176730	mozrunner::runner	INFO	Running command: "C:\\Program Files\\Mozilla Firefox\\firefox.exe" "--marionette" "-headless" "-foreground" "-no-remote" "-profile" "C:\\Users\\Asen\\AppData\\Local\\Temp\\rust_mozprofileKezqIc"
*** You are running in headless mode.
JavaScript error: resource://gre/modules/XULStore.jsm, line 66: Error: Can't find profile directory.
console.error: SearchCache: "_readCacheFile: Error reading cache file:" (new Error("", "(unknown module)"))
1598952180161	Marionette	INFO	Listening on port 54168
1598952180546	Marionette	WARN	TLS certificate errors will be ignored for this session
JavaScript error: https://www.soccer24.com/res/_fs/build/mainPageScripts.9efcac9.js, line 1: TypeError: $(...).offset() is undefined
1598952187568	Marionette	INFO	Stopped listening on port 54168
JavaScript error: resource://gre/modules/UrlClassifierListManager.jsm, line 691: TypeError: this.tablesData[table] is undefined
1598952213710	geckodriver	INFO	Listening on 127.0.0.1:54230
1598952216801	mozrunner::runner	INFO	Running command: "C:\\Program Files\\Mozilla Firefox\\firefox.exe" "--marionette" "-headless" "-foreground" "-no-remote" "-profile" "C:\\Users\\Asen\\AppData\\Local\\Temp\\rust_mozprofiledbhfSE"
*** You are running in headless mode.
JavaScript error: resource://gre/modules/XULStore.jsm, line 66: Error: Can't find profile directory.
console.error: SearchCache: "_readCacheFile: Error reading cache file:" (new Error("", "(unknown module)"))
1598952220215	Marionette	INFO	Listening on port 54238
1598952220420	Marionette	WARN	TLS certificate errors will be ignored for this session
JavaScript error: https://www.soccer24.com/res/_fs/build/mainPageScripts.9efcac9.js, line 1: TypeError: $(...).offset() is undefined
1598952226151	Marionette	INFO	Stopped listening on port 54238
JavaScript error: resource://gre/modules/UrlClassifierListManager.jsm, line 691: TypeError: this.tablesData[table] is undefined
1598952288827	geckodriver	INFO	Listening on 127.0.0.1:54301
1598952291921	mozrunner::runner	INFO	Running command: "C:\\Program Files\\Mozilla Firefox\\firefox.exe" "--marionette" "-headless" "-foreground" "-no-remote" "-profile" "C:\\Users\\Asen\\AppData\\Local\\Temp\\rust_mozprofilewvAHg2"
*** You are running in headless mode.
JavaScript error: resource://gre/modules/XULStore.jsm, line 66: Error: Can't find profile directory.
console.error: SearchCache: "_readCacheFile: Error reading cache file:" (new Error("", "(unknown module)"))
1598952294980	Marionette	INFO	Listening on port 54309
1598952295045	Marionette	WARN	TLS certificate errors will be ignored for this session
JavaScript error: https://www.soccer24.com/res/_fs/build/mainPageScripts.9efcac9.js, line 1: TypeError: $(...).offset() is undefined
1598952300874	Marionette	INFO	Stopped listening on port 54309
JavaScript error: resource://gre/modules/UrlClassifierListManager.jsm, line 691: TypeError: this.tablesData[table] is undefined
1598952434955	geckodriver	INFO	Listening on 127.0.0.1:54473
1598952438054	mozrunner::runner	INFO	Running command: "C:\\Program Files\\Mozilla Firefox\\firefox.exe" "--marionette" "-headless" "-foreground" "-no-remote" "-profile" "C:\\Users\\Asen\\AppData\\Local\\Temp\\rust_mozprofileE1cWTq"
*** You are running in headless mode.
JavaScript error: resource://gre/modules/XULStore.jsm, line 66: Error: Can't find profile directory.
console.error: SearchCache: "_readCacheFile: Error reading cache file:" (new Error("", "(unknown module)"))
1598952440920	Marionette	INFO	Listening on port 54481
1598952441174	Marionette	WARN	TLS certificate errors will be ignored for this session
JavaScript error: https://www.soccer24.com/res/_fs/build/mainPageScripts.9efcac9.js, line 1: TypeError: $(...).offset() is undefined
1598952447363	Marionette	INFO	Stopped listening on port 54481
JavaScript error: resource://gre/modules/UrlClassifierListManager.jsm, line 691: TypeError: this.tablesData[table] is undefined
1598952459800	geckodriver	INFO	Listening on 127.0.0.1:54545
1598952462866	mozrunner::runner	INFO	Running command: "C:\\Program Files\\Mozilla Firefox\\firefox.exe" "--marionette" "-headless" "-foreground" "-no-remote" "-profile" "C:\\Users\\Asen\\AppData\\Local\\Temp\\rust_mozprofileiBIANw"
*** You are running in headless mode.
JavaScript error: resource://gre/modules/XULStore.jsm, line 66: Error: Can't find profile directory.
console.error: SearchCache: "_readCacheFile: Error reading cache file:" (new Error("", "(unknown module)"))
1598952465750	Marionette	INFO	Listening on port 54553
1598952465988	Marionette	WARN	TLS certificate errors will be ignored for this session
JavaScript error: https://www.soccer24.com/res/_fs/build/mainPageScripts.9efcac9.js, line 1: TypeError: $(...).offset() is undefined
1598952472153	Marionette	INFO	Stopped listening on port 54553
JavaScript error: resource://gre/modules/UrlClassifierListManager.jsm, line 691: TypeError: this.tablesData[table] is undefined
1598952613874	geckodriver	INFO	Listening on 127.0.0.1:54615
1598952618891	mozrunner::runner	INFO	Running command: "C:\\Program Files\\Mozilla Firefox\\firefox.exe" "--marionette" "-headless" "-foreground" "-no-remote" "-profile" "C:\\Users\\Asen\\AppData\\Local\\Temp\\rust_mozprofile7zqdkR"
*** You are running in headless mode.
JavaScript error: resource://gre/modules/XULStore.jsm, line 66: Error: Can't find profile directory.
console.error: SearchCache: "_readCacheFile: Error reading cache file:" (new Error("", "(unknown module)"))
1598952621887	Marionette	INFO	Listening on port 54623
1598952622030	Marionette	WARN	TLS certificate errors will be ignored for this session
JavaScript error: https://www.soccer24.com/res/_fs/build/mainPageScripts.9efcac9.js, line 1: TypeError: $(...).offset() is undefined
1598952628279	Marionette	INFO	Stopped listening on port 54623
JavaScript error: resource://gre/modules/UrlClassifierListManager.jsm, line 691: TypeError: this.tablesData[table] is undefined
1598952655189	geckodriver	INFO	Listening on 127.0.0.1:54692
1598952658306	mozrunner::runner	INFO	Running command: "C:\\Program Files\\Mozilla Firefox\\firefox.exe" "--marionette" "-headless" "-foreground" "-no-remote" "-profile" "C:\\Users\\Asen\\AppData\\Local\\Temp\\rust_mozprofilex6MQkb"
*** You are running in headless mode.
JavaScript error: resource://gre/modules/XULStore.jsm, line 66: Error: Can't find profile directory.
console.error: SearchCache: "_readCacheFile: Error reading cache file:" (new Error("", "(unknown module)"))
1598952660992	Marionette	INFO	Listening on port 54700
1598952661426	Marionette	WARN	TLS certificate errors will be ignored for this session
JavaScript error: https://www.soccer24.com/res/_fs/build/mainPageScripts.9efcac9.js, line 1: TypeError: $(...).offset() is undefined
1598952667603	Marionette	INFO	Stopped listening on port 54700
JavaScript error: resource://gre/modules/UrlClassifierListManager.jsm, line 691: TypeError: this.tablesData[table] is undefined
1598952689987	geckodriver	INFO	Listening on 127.0.0.1:54762
1598952693062	mozrunner::runner	INFO	Running command: "C:\\Program Files\\Mozilla Firefox\\firefox.exe" "--marionette" "-headless" "-foreground" "-no-remote" "-profile" "C:\\Users\\Asen\\AppData\\Local\\Temp\\rust_mozprofilerG63XK"
*** You are running in headless mode.
JavaScript error: resource://gre/modules/XULStore.jsm, line 66: Error: Can't find profile directory.
console.error: SearchCache: "_readCacheFile: Error reading cache file:" (new Error("", "(unknown module)"))
1598952695954	Marionette	INFO	Listening on port 54770
1598952696194	Marionette	WARN	TLS certificate errors will be ignored for this session
JavaScript error: https://www.soccer24.com/res/_fs/build/mainPageScripts.9efcac9.js, line 1: TypeError: $(...).offset() is undefined
1598952702204	Marionette	INFO	Stopped listening on port 54770
JavaScript error: resource://gre/modules/UrlClassifierListManager.jsm, line 691: TypeError: this.tablesData[table] is undefined
1598952795019	geckodriver	INFO	Listening on 127.0.0.1:54835
1598952798089	mozrunner::runner	INFO	Running command: "C:\\Program Files\\Mozilla Firefox\\firefox.exe" "--marionette" "-headless" "-foreground" "-no-remote" "-profile" "C:\\Users\\Asen\\AppData\\Local\\Temp\\rust_mozprofileFvB08A"
*** You are running in headless mode.
JavaScript error: resource://gre/modules/XULStore.jsm, line 66: Error: Can't find profile directory.
console.error: SearchCache: "_readCacheFile: Error reading cache file:" (new Error("", "(unknown module)"))
1598952801092	Marionette	INFO	Listening on port 54843
1598952801214	Marionette	WARN	TLS certificate errors will be ignored for this session
JavaScript error: https://www.soccer24.com/res/_fs/build/mainPageScripts.9efcac9.js, line 1: TypeError: $(...).offset() is undefined
1598952807240	Marionette	INFO	Stopped listening on port 54843
JavaScript error: resource://gre/modules/UrlClassifierListManager.jsm, line 691: TypeError: this.tablesData[table] is undefined
1598952848897	geckodriver	INFO	Listening on 127.0.0.1:54904
1598952851984	mozrunner::runner	INFO	Running command: "C:\\Program Files\\Mozilla Firefox\\firefox.exe" "--marionette" "-headless" "-foreground" "-no-remote" "-profile" "C:\\Users\\Asen\\AppData\\Local\\Temp\\rust_mozprofileR4C8vo"
*** You are running in headless mode.
JavaScript error: resource://gre/modules/XULStore.jsm, line 66: Error: Can't find profile directory.
console.error: SearchCache: "_readCacheFile: Error reading cache file:" (new Error("", "(unknown module)"))
1598952855033	Marionette	INFO	Listening on port 54912
1598952855099	Marionette	WARN	TLS certificate errors will be ignored for this session
JavaScript error: https://www.soccer24.com/res/_fs/build/mainPageScripts.9efcac9.js, line 1: TypeError: $(...).offset() is undefined
1598952861414	Marionette	INFO	Stopped listening on port 54912
JavaScript error: resource://gre/modules/UrlClassifierListManager.jsm, line 691: TypeError: this.tablesData[table] is undefined
1598952882304	geckodriver	INFO	Listening on 127.0.0.1:54976
1598952885360	mozrunner::runner	INFO	Running command: "C:\\Program Files\\Mozilla Firefox\\firefox.exe" "--marionette" "-headless" "-foreground" "-no-remote" "-profile" "C:\\Users\\Asen\\AppData\\Local\\Temp\\rust_mozprofileUKwKXn"
*** You are running in headless mode.
1598952887053	geckodriver	INFO	Listening on 127.0.0.1:54991
1598952890151	mozrunner::runner	INFO	Running command: "C:\\Program Files\\Mozilla Firefox\\firefox.exe" "--marionette" "-headless" "-foreground" "-no-remote" "-profile" "C:\\Users\\Asen\\AppData\\Local\\Temp\\rust_mozprofileH9bb67"
*** You are running in headless mode.
JavaScript error: resource://gre/modules/XULStore.jsm, line 66: Error: Can't find profile directory.
console.error: SearchCache: "_readCacheFile: Error reading cache file:" (new Error("", "(unknown module)"))
1598952893169	Marionette	INFO	Listening on port 54999
1598952893265	Marionette	WARN	TLS certificate errors will be ignored for this session
JavaScript error: https://www.soccer24.com/res/_fs/build/mainPageScripts.9efcac9.js, line 1: TypeError: $(...).offset() is undefined
1598952896805	Marionette	INFO	Stopped listening on port 54999
console.warn: SearchService: "_init: abandoning init due to shutting down"
JavaScript error: , line 0: uncaught exception: 2147500036
JavaScript error: , line 0: uncaught exception: 2147500036
JavaScript error: , line 0: uncaught exception: 2147500036
JavaScript error: , line 0: uncaught exception: 2147500036
JavaScript error: , line 0: uncaught exception: 2147500036
JavaScript error: , line 0: uncaught exception: 2147500036
JavaScript error: , line 0: uncaught exception: 2147500036
JavaScript error: , line 0: uncaught exception: 2147500036
JavaScript error: resource://gre/modules/UrlClassifierListManager.jsm, line 691: TypeError: this.tablesData[table] is undefined
JavaScript error: resource:///modules/FaviconLoader.jsm, line 568: InvalidStateError: An attempt was made to use an object that is not, or is no longer, usable
JavaScript error: resource:///modules/FaviconLoader.jsm, line 568: InvalidStateError: An attempt was made to use an object that is not, or is no longer, usable
1598952906347	geckodriver	INFO	Listening on 127.0.0.1:55042
1598952909433	mozrunner::runner	INFO	Running command: "C:\\Program Files\\Mozilla Firefox\\firefox.exe" "--marionette" "-headless" "-foreground" "-no-remote" "-profile" "C:\\Users\\Asen\\AppData\\Local\\Temp\\rust_mozprofileEworXx"
*** You are running in headless mode.
JavaScript error: resource://gre/modules/XULStore.jsm, line 66: Error: Can't find profile directory.
console.error: SearchCache: "_readCacheFile: Error reading cache file:" (new Error("", "(unknown module)"))
1598952912094	Marionette	INFO	Listening on port 55050
1598952912541	Marionette	WARN	TLS certificate errors will be ignored for this session
JavaScript error: https://www.soccer24.com/res/_fs/build/mainPageScripts.9efcac9.js, line 1: TypeError: $(...).offset() is undefined
1598952918321	Marionette	INFO	Stopped listening on port 55050
JavaScript error: resource://gre/modules/UrlClassifierListManager.jsm, line 691: TypeError: this.tablesData[table] is undefined
1598952949766	geckodriver	INFO	Listening on 127.0.0.1:55101
1598952952855	mozrunner::runner	INFO	Running command: "C:\\Program Files\\Mozilla Firefox\\firefox.exe" "--marionette" "-headless" "-foreground" "-no-remote" "-profile" "C:\\Users\\Asen\\AppData\\Local\\Temp\\rust_mozprofileQv01IE"
*** You are running in headless mode.
JavaScript error: resource://gre/modules/XULStore.jsm, line 66: Error: Can't find profile directory.
console.error: SearchCache: "_readCacheFile: Error reading cache file:" (new Error("", "(unknown module)"))
1598952955838	Marionette	INFO	Listening on port 55109
1598952955999	Marionette	WARN	TLS certificate errors will be ignored for this session
JavaScript error: https://www.soccer24.com/res/_fs/build/mainPageScripts.9efcac9.js, line 1: TypeError: $(...).offset() is undefined
1598952962245	Marionette	INFO	Stopped listening on port 55109
JavaScript error: resource://gre/modules/UrlClassifierListManager.jsm, line 691: TypeError: this.tablesData[table] is undefined
1598952978780	geckodriver	INFO	Listening on 127.0.0.1:55159
1598952981869	mozrunner::runner	INFO	Running command: "C:\\Program Files\\Mozilla Firefox\\firefox.exe" "--marionette" "-headless" "-foreground" "-no-remote" "-profile" "C:\\Users\\Asen\\AppData\\Local\\Temp\\rust_mozprofileymqv0s"
*** You are running in headless mode.
JavaScript error: resource://gre/modules/XULStore.jsm, line 66: Error: Can't find profile directory.
console.error: SearchCache: "_readCacheFile: Error reading cache file:" (new Error("", "(unknown module)"))
1598952984850	Marionette	INFO	Listening on port 55167
1598952984995	Marionette	WARN	TLS certificate errors will be ignored for this session
JavaScript error: https://www.soccer24.com/res/_fs/build/mainPageScripts.9efcac9.js, line 1: TypeError: $(...).offset() is undefined
1598952991334	Marionette	INFO	Stopped listening on port 55167
JavaScript error: resource://gre/modules/UrlClassifierListManager.jsm, line 691: TypeError: this.tablesData[table] is undefined
1598953033451	geckodriver	INFO	Listening on 127.0.0.1:55234
1598953036537	mozrunner::runner	INFO	Running command: "C:\\Program Files\\Mozilla Firefox\\firefox.exe" "--marionette" "-headless" "-foreground" "-no-remote" "-profile" "C:\\Users\\Asen\\AppData\\Local\\Temp\\rust_mozprofileOTchfG"
*** You are running in headless mode.
JavaScript error: resource://gre/modules/XULStore.jsm, line 66: Error: Can't find profile directory.
console.error: SearchCache: "_readCacheFile: Error reading cache file:" (new Error("", "(unknown module)"))
1598953039823	Marionette	INFO	Listening on port 55242
1598953040162	Marionette	WARN	TLS certificate errors will be ignored for this session
JavaScript error: https://www.soccer24.com/res/_fs/build/mainPageScripts.9efcac9.js, line 1: TypeError: $(...).offset() is undefined
1598953046383	Marionette	INFO	Stopped listening on port 55242
JavaScript error: resource://gre/modules/UrlClassifierListManager.jsm, line 691: TypeError: this.tablesData[table] is undefined
1598953060488	geckodriver	INFO	Listening on 127.0.0.1:55307
1598953063562	mozrunner::runner	INFO	Running command: "C:\\Program Files\\Mozilla Firefox\\firefox.exe" "--marionette" "-headless" "-foreground" "-no-remote" "-profile" "C:\\Users\\Asen\\AppData\\Local\\Temp\\rust_mozprofilepyFT4n"
*** You are running in headless mode.
JavaScript error: resource://gre/modules/XULStore.jsm, line 66: Error: Can't find profile directory.
console.error: SearchCache: "_readCacheFile: Error reading cache file:" (new Error("", "(unknown module)"))
1598953066749	Marionette	INFO	Listening on port 55315
1598953067189	Marionette	WARN	TLS certificate errors will be ignored for this session
JavaScript error: https://www.soccer24.com/res/_fs/build/mainPageScripts.9efcac9.js, line 1: TypeError: $(...).offset() is undefined
1598953074229	Marionette	INFO	Stopped listening on port 55315
1598953172339	geckodriver	INFO	Listening on 127.0.0.1:55379
1598953175417	mozrunner::runner	INFO	Running command: "C:\\Program Files\\Mozilla Firefox\\firefox.exe" "--marionette" "-headless" "-foreground" "-no-remote" "-profile" "C:\\Users\\Asen\\AppData\\Local\\Temp\\rust_mozprofileuerag6"
*** You are running in headless mode.
JavaScript error: resource://gre/modules/XULStore.jsm, line 66: Error: Can't find profile directory.
console.error: SearchCache: "_readCacheFile: Error reading cache file:" (new Error("", "(unknown module)"))
1598953178482	Marionette	INFO	Listening on port 55387
1598953178587	Marionette	WARN	TLS certificate errors will be ignored for this session
JavaScript error: https://www.soccer24.com/res/_fs/build/mainPageScripts.9efcac9.js, line 1: TypeError: $(...).offset() is undefined
1598953184797	Marionette	INFO	Stopped listening on port 55387
JavaScript error: resource://gre/modules/UrlClassifierListManager.jsm, line 691: TypeError: this.tablesData[table] is undefined
1598953958194	geckodriver	INFO	Listening on 127.0.0.1:55521
1598953961285	mozrunner::runner	INFO	Running command: "C:\\Program Files\\Mozilla Firefox\\firefox.exe" "--marionette" "-headless" "-foreground" "-no-remote" "-profile" "C:\\Users\\Asen\\AppData\\Local\\Temp\\rust_mozprofile3zqXIn"
*** You are running in headless mode.
JavaScript error: resource://gre/modules/XULStore.jsm, line 66: Error: Can't find profile directory.
console.error: SearchCache: "_readCacheFile: Error reading cache file:" (new Error("", "(unknown module)"))
1598953964272	Marionette	INFO	Listening on port 55529
1598953964409	Marionette	WARN	TLS certificate errors will be ignored for this session
JavaScript error: https://www.soccer24.com/res/_fs/build/mainPageScripts.9efcac9.js, line 1: TypeError: $(...).offset() is undefined
1598953970580	Marionette	INFO	Stopped listening on port 55529
JavaScript error: resource://gre/modules/UrlClassifierListManager.jsm, line 691: TypeError: this.tablesData[table] is undefined
